<?xml version="1.0" encoding="UTF-8"?>
<testng-results skipped="0" failed="0" ignored="0" total="1" passed="1">
  <reporter-output>
  </reporter-output>
  <suite name="Suite" duration-ms="8183" started-at="2021-06-07T18:27:18Z" finished-at="2021-06-07T18:27:26Z">
    <groups>
    </groups>
    <test name="Test" duration-ms="8183" started-at="2021-06-07T18:27:18Z" finished-at="2021-06-07T18:27:26Z">
      <class name="com.learnautomation.testcases.LoginTestHAL">
        <test-method status="PASS" signature="setupSuite()[pri:0, instance:com.learnautomation.testcases.LoginTestHAL@6ab7a896]" name="setupSuite" is-config="true" duration-ms="848" started-at="2021-06-07T23:57:17Z" finished-at="2021-06-07T23:57:18Z">
          <reporter-output>
          </reporter-output>
        </test-method> <!-- setupSuite -->
        <test-method status="PASS" signature="setup(java.lang.String, java.lang.String)[pri:0, instance:com.learnautomation.testcases.LoginTestHAL@6ab7a896]" name="setup" is-config="true" duration-ms="5492" started-at="2021-06-07T23:57:18Z" finished-at="2021-06-07T23:57:23Z">
          <params>
            <param index="0">
              <value>
                <![CDATA[Chrome]]>
              </value>
            </param>
            <param index="1">
              <value>
                <![CDATA[https://eproc.hal-india.co.in/]]>
              </value>
            </param>
          </params>
          <reporter-output>
          </reporter-output>
        </test-method> <!-- setup -->
        <test-method status="PASS" signature="LoginTest()[pri:0, instance:com.learnautomation.testcases.LoginTestHAL@6ab7a896]" name="LoginTest" duration-ms="751" started-at="2021-06-07T23:57:23Z" finished-at="2021-06-07T23:57:24Z">
          <reporter-output>
          </reporter-output>
        </test-method> <!-- LoginTest -->
        <test-method status="PASS" signature="teardown(org.testng.ITestResult)[pri:0, instance:com.learnautomation.testcases.LoginTestHAL@6ab7a896]" name="teardown" is-config="true" duration-ms="998" started-at="2021-06-07T23:57:24Z" finished-at="2021-06-07T23:57:25Z">
          <params>
            <param index="0">
              <value>
                <![CDATA[[TestResult name=LoginTest status=SUCCESS method=LoginTestHAL.LoginTest()[pri:0, instance:com.learnautomation.testcases.LoginTestHAL@6ab7a896] output={null}]]]>
              </value>
            </param>
          </params>
          <reporter-output>
          </reporter-output>
        </test-method> <!-- teardown -->
        <test-method status="PASS" signature="teardownclose()[pri:0, instance:com.learnautomation.testcases.LoginTestHAL@6ab7a896]" name="teardownclose" is-config="true" duration-ms="915" started-at="2021-06-07T23:57:25Z" finished-at="2021-06-07T23:57:26Z">
          <reporter-output>
          </reporter-output>
        </test-method> <!-- teardownclose -->
      </class> <!-- com.learnautomation.testcases.LoginTestHAL -->
    </test> <!-- Test -->
  </suite> <!-- Suite -->
</testng-results>
